# JRE version: OpenJDK Runtime Environment Corretto-11.0.17.8.1 (11.0.17+8) (build 11.0.17+8-LTS)
# Java VM: OpenJDK 64-Bit Server VM Corretto-11.0.17.8.1 (11.0.17+8-LTS, mixed mode, tiered, compressed oops, g1 gc, bsd-amd64)
Heap:
 garbage-first heap   total 262144K, used 135502K [0x0000000700000000, 0x0000000800000000)
  region size 1024K, 127 young (130048K), 4 survivors (4096K)
 Metaspace       used 33256K, capacity 34358K, committed 34560K, reserved 1079296K
  class space    used 4125K, capacity 4549K, committed 4608K, reserved 1048576K
GC Heap History (6 events):
Event: 0.813 GC heap before
{Heap before GC invocations=0 (full 0):
 garbage-first heap   total 262144K, used 24576K [0x0000000700000000, 0x0000000800000000)
  region size 1024K, 24 young (24576K), 0 survivors (0K)
 Metaspace       used 13650K, capacity 14020K, committed 14336K, reserved 1062912K
  class space    used 1383K, capacity 1482K, committed 1536K, reserved 1048576K
}
Event: 0.821 GC heap after
{Heap after GC invocations=1 (full 0):
 garbage-first heap   total 262144K, used 7211K [0x0000000700000000, 0x0000000800000000)
  region size 1024K, 3 young (3072K), 3 survivors (3072K)
 Metaspace       used 13650K, capacity 14020K, committed 14336K, reserved 1062912K
  class space    used 1383K, capacity 1482K, committed 1536K, reserved 1048576K
}
Event: 1.336 GC heap before
{Heap before GC invocations=1 (full 0):
 garbage-first heap   total 262144K, used 53291K [0x0000000700000000, 0x0000000800000000)
  region size 1024K, 49 young (50176K), 3 survivors (3072K)
 Metaspace       used 20503K, capacity 21173K, committed 21376K, reserved 1069056K
  class space    used 2316K, capacity 2581K, committed 2688K, reserved 1048576K
}
Event: 1.354 GC heap after
{Heap after GC invocations=2 (full 0):
 garbage-first heap   total 262144K, used 9315K [0x0000000700000000, 0x0000000800000000)
  region size 1024K, 6 young (6144K), 6 survivors (6144K)
 Metaspace       used 20503K, capacity 21173K, committed 21376K, reserved 1069056K
  class space    used 2316K, capacity 2581K, committed 2688K, reserved 1048576K
}
Event: 1.644 GC heap before
{Heap before GC invocations=3 (full 0):
 garbage-first heap   total 262144K, used 56419K [0x0000000700000000, 0x0000000800000000)
  region size 1024K, 53 young (54272K), 6 survivors (6144K)
 Metaspace       used 24828K, capacity 25645K, committed 25856K, reserved 1071104K
  class space    used 2991K, capacity 3309K, committed 3328K, reserved 1048576K
}
Event: 1.656 GC heap after
{Heap after GC invocations=4 (full 0):
 garbage-first heap   total 262144K, used 10574K [0x0000000700000000, 0x0000000800000000)
  region size 1024K, 4 young (4096K), 4 survivors (4096K)
 Metaspace       used 24828K, capacity 25645K, committed 25856K, reserved 1071104K
  class space    used 2991K, capacity 3309K, committed 3328K, reserved 1048576K
}

